<?xml version="1.0" encoding="UTF-8"?>
<!-- Generated by org.testng.reporters.JUnitReportReporter -->
<testsuite skipped="0" hostname="A2M0014" name="com.crm.qa.testdata.LoginPageTest" tests="3" failures="0" timestamp="19 Jul 2018 08:21:07 GMT" time="50.677" errors="0">
  <testcase name="loginPageTitleTest" time="14.044" classname="com.crm.qa.testdata.LoginPageTest"/>
  <testcase name="crmLogoImageTest" time="12.261" classname="com.crm.qa.testdata.LoginPageTest"/>
  <testcase name="loginTest" time="24.372" classname="com.crm.qa.testdata.LoginPageTest"/>
</testsuite> <!-- com.crm.qa.testdata.LoginPageTest -->
