<?xml version="1.0" encoding="UTF-8"?>
<!-- Generated by org.testng.reporters.JUnitReportReporter -->
<testsuite skipped="0" hostname="A2M0014" name="com.crm.qa.testdata.ContactsPageTest" tests="4" failures="0" timestamp="19 Jul 2018 08:21:07 GMT" time="160.118" errors="0">
  <testcase name="validateCreateNewContact" time="28.786" classname="com.crm.qa.testdata.ContactsPageTest"/>
  <testcase name="validateCreateNewContact" time="26.160" classname="com.crm.qa.testdata.ContactsPageTest"/>
  <testcase name="validateCreateNewContact" time="27.643" classname="com.crm.qa.testdata.ContactsPageTest"/>
  <testcase name="verifyContactsPageLabelTest" time="77.529" classname="com.crm.qa.testdata.ContactsPageTest"/>
</testsuite> <!-- com.crm.qa.testdata.ContactsPageTest -->
