<?xml version="1.0" encoding="UTF-8"?>
<!-- Generated by org.testng.reporters.JUnitReportReporter -->
<testsuite skipped="0" hostname="A2M0014" name="com.crm.qa.testdata.HomePageTest" tests="3" failures="0" timestamp="19 Jul 2018 08:21:07 GMT" time="68.962" errors="0">
  <testcase name="verifyHomePagetitleTest" time="20.012" classname="com.crm.qa.testdata.HomePageTest"/>
  <testcase name="verifyUserNameTest" time="21.933" classname="com.crm.qa.testdata.HomePageTest"/>
  <testcase name="clickContactsPageLinkTest" time="27.017" classname="com.crm.qa.testdata.HomePageTest"/>
</testsuite> <!-- com.crm.qa.testdata.HomePageTest -->
